0 info it worked if it ends with ok
1 verbose cli [ 'C:\\nodejs\\node.exe',
1 verbose cli   'C:\\nodejs\\node_modules\\npm\\bin\\npm-cli.js',
1 verbose cli   'i',
1 verbose cli   'jasmine-data-provider' ]
2 info using npm@3.10.10
3 info using node@v6.11.3
4 silly loadCurrentTree Starting
5 silly install loadCurrentTree
6 silly install readLocalPackageData
7 silly fetchPackageMetaData jasmine-data-provider
8 silly fetchNamedPackageData jasmine-data-provider
9 silly mapToRegistry name jasmine-data-provider
10 silly mapToRegistry using default registry
11 silly mapToRegistry registry https://registry.npmjs.org/
12 silly mapToRegistry data Result {
12 silly mapToRegistry   raw: 'jasmine-data-provider',
12 silly mapToRegistry   scope: null,
12 silly mapToRegistry   escapedName: 'jasmine-data-provider',
12 silly mapToRegistry   name: 'jasmine-data-provider',
12 silly mapToRegistry   rawSpec: '',
12 silly mapToRegistry   spec: 'latest',
12 silly mapToRegistry   type: 'tag' }
13 silly mapToRegistry uri https://registry.npmjs.org/jasmine-data-provider
14 verbose request uri https://registry.npmjs.org/jasmine-data-provider
15 verbose request no auth needed
16 info attempt registry request try #1 at 20:22:31
17 verbose request id d852e93158a64400
18 http request GET https://registry.npmjs.org/jasmine-data-provider
19 http 200 https://registry.npmjs.org/jasmine-data-provider
20 verbose headers { server: 'nginx/1.10.1',
20 verbose headers   'content-type': 'application/json',
20 verbose headers   'last-modified': 'Wed, 16 Dec 2015 15:52:08 GMT',
20 verbose headers   etag: 'W/"567188a8-216f"',
20 verbose headers   'content-encoding': 'gzip',
20 verbose headers   'cache-control': 'max-age=300',
20 verbose headers   'content-length': '2126',
20 verbose headers   'accept-ranges': 'bytes',
20 verbose headers   date: 'Tue, 07 Nov 2017 18:22:31 GMT',
20 verbose headers   via: '1.1 varnish',
20 verbose headers   age: '0',
20 verbose headers   connection: 'keep-alive',
20 verbose headers   'x-served-by': 'cache-hhn1529-HHN',
20 verbose headers   'x-cache': 'HIT',
20 verbose headers   'x-cache-hits': '1',
20 verbose headers   'x-timer': 'S1510078951.145500,VS0,VE1',
20 verbose headers   vary: 'Accept-Encoding, Accept' }
21 silly get cb [ 200,
21 silly get   { server: 'nginx/1.10.1',
21 silly get     'content-type': 'application/json',
21 silly get     'last-modified': 'Wed, 16 Dec 2015 15:52:08 GMT',
21 silly get     etag: 'W/"567188a8-216f"',
21 silly get     'content-encoding': 'gzip',
21 silly get     'cache-control': 'max-age=300',
21 silly get     'content-length': '2126',
21 silly get     'accept-ranges': 'bytes',
21 silly get     date: 'Tue, 07 Nov 2017 18:22:31 GMT',
21 silly get     via: '1.1 varnish',
21 silly get     age: '0',
21 silly get     connection: 'keep-alive',
21 silly get     'x-served-by': 'cache-hhn1529-HHN',
21 silly get     'x-cache': 'HIT',
21 silly get     'x-cache-hits': '1',
21 silly get     'x-timer': 'S1510078951.145500,VS0,VE1',
21 silly get     vary: 'Accept-Encoding, Accept' } ]
22 verbose get saving jasmine-data-provider to C:\Users\mmam\AppData\Roaming\npm-cache\registry.npmjs.org\jasmine-data-provider\.cache.json
23 verbose correctMkdir C:\Users\mmam\AppData\Roaming\npm-cache correctMkdir not in flight; initializing
24 silly install normalizeTree
25 silly loadCurrentTree Finishing
26 silly loadIdealTree Starting
27 silly install loadIdealTree
28 silly cloneCurrentTree Starting
29 silly install cloneCurrentTreeToIdealTree
30 silly cloneCurrentTree Finishing
31 silly loadShrinkwrap Starting
32 silly install loadShrinkwrap
33 silly loadShrinkwrap Finishing
34 silly loadAllDepsIntoIdealTree Starting
35 silly install loadAllDepsIntoIdealTree
36 silly resolveWithNewModule jasmine-data-provider@2.2.0 checking installable status
37 silly cache add args [ 'jasmine-data-provider', null ]
38 verbose cache add spec jasmine-data-provider
39 silly cache add parsed spec Result {
39 silly cache add   raw: 'jasmine-data-provider',
39 silly cache add   scope: null,
39 silly cache add   escapedName: 'jasmine-data-provider',
39 silly cache add   name: 'jasmine-data-provider',
39 silly cache add   rawSpec: '',
39 silly cache add   spec: 'latest',
39 silly cache add   type: 'tag' }
40 silly addNamed jasmine-data-provider@latest
41 verbose addNamed "latest" is being treated as a dist-tag for jasmine-data-provider
42 info addNameTag [ 'jasmine-data-provider', 'latest' ]
43 silly mapToRegistry name jasmine-data-provider
44 silly mapToRegistry using default registry
45 silly mapToRegistry registry https://registry.npmjs.org/
46 silly mapToRegistry data Result {
46 silly mapToRegistry   raw: 'jasmine-data-provider',
46 silly mapToRegistry   scope: null,
46 silly mapToRegistry   escapedName: 'jasmine-data-provider',
46 silly mapToRegistry   name: 'jasmine-data-provider',
46 silly mapToRegistry   rawSpec: '',
46 silly mapToRegistry   spec: 'latest',
46 silly mapToRegistry   type: 'tag' }
47 silly mapToRegistry uri https://registry.npmjs.org/jasmine-data-provider
48 verbose addNameTag registry:https://registry.npmjs.org/jasmine-data-provider not in flight; fetching
49 verbose get https://registry.npmjs.org/jasmine-data-provider not expired, no request
50 silly addNameTag next cb for jasmine-data-provider with tag latest
51 silly addNamed jasmine-data-provider@2.2.0
52 verbose addNamed "2.2.0" is a plain semver version for jasmine-data-provider
53 silly mapToRegistry name jasmine-data-provider
54 silly mapToRegistry using default registry
55 silly mapToRegistry registry https://registry.npmjs.org/
56 silly mapToRegistry data Result {
56 silly mapToRegistry   raw: 'jasmine-data-provider',
56 silly mapToRegistry   scope: null,
56 silly mapToRegistry   escapedName: 'jasmine-data-provider',
56 silly mapToRegistry   name: 'jasmine-data-provider',
56 silly mapToRegistry   rawSpec: '',
56 silly mapToRegistry   spec: 'latest',
56 silly mapToRegistry   type: 'tag' }
57 silly mapToRegistry uri https://registry.npmjs.org/jasmine-data-provider
58 verbose addRemoteTarball https://registry.npmjs.org/jasmine-data-provider/-/jasmine-data-provider-2.2.0.tgz not in flight; adding
59 verbose addRemoteTarball [ 'https://registry.npmjs.org/jasmine-data-provider/-/jasmine-data-provider-2.2.0.tgz',
59 verbose addRemoteTarball   '5f029b2c5fbcdaafbfa5b910ca627eac48cdbb66' ]
60 info retry fetch attempt 1 at 20:22:31
61 info attempt registry request try #1 at 20:22:31
62 http fetch GET https://registry.npmjs.org/jasmine-data-provider/-/jasmine-data-provider-2.2.0.tgz
63 http fetch 200 https://registry.npmjs.org/jasmine-data-provider/-/jasmine-data-provider-2.2.0.tgz
64 warn retry will retry, error on last attempt: Error: EBUSY: resource busy or locked, rename 'C:\Users\mmam\AppData\Local\Temp\npm-9164-ced5fdab\registry.npmjs.org\jasmine-data-provider\-\jasmine-data-provider-2.2.0.tgz.1171006129' -> 'C:\Users\mmam\AppData\Local\Temp\npm-9164-ced5fdab\registry.npmjs.org\jasmine-data-provider\-\jasmine-data-provider-2.2.0.tgz'
65 verbose stack TypeError: tarball.destroy is not a function
65 verbose stack     at WriteStreamAtomic.<anonymous> (C:\nodejs\node_modules\npm\lib\cache\add-remote-tarball.js:97:15)
65 verbose stack     at emitOne (events.js:101:20)
65 verbose stack     at WriteStreamAtomic.emit (events.js:188:7)
65 verbose stack     at WriteStreamAtomic.emit (C:\nodejs\node_modules\npm\node_modules\fs-write-stream-atomic\index.js:60:34)
65 verbose stack     at C:\nodejs\node_modules\npm\node_modules\fs-write-stream-atomic\index.js:89:19
65 verbose stack     at FSReqWrap.oncomplete (fs.js:123:15)
66 verbose cwd C:\GitHubRepo\V1
67 error Windows_NT 6.1.7601
68 error argv "C:\\nodejs\\node.exe" "C:\\nodejs\\node_modules\\npm\\bin\\npm-cli.js" "i" "jasmine-data-provider"
69 error node v6.11.3
70 error npm  v3.10.10
71 error tarball.destroy is not a function
72 error If you need help, you may report this error at:
72 error     <https://github.com/npm/npm/issues>
73 verbose exit [ 1, true ]
